Oct-05 19:00:24.479 [main] DEBUG nextflow.cli.Launcher - $> ./nextflow run CrossValidate.nf
Oct-05 19:00:24.914 [main] INFO  nextflow.cli.CmdRun - N E X T F L O W  ~  version 0.25.7
Oct-05 19:00:24.964 [main] INFO  nextflow.cli.CmdRun - Launching `CrossValidate.nf` [gloomy_carson] - revision: c824f03471
Oct-05 19:00:25.578 [main] DEBUG nextflow.Session - Session uuid: a5865221-cf88-48a3-8b93-8c01f5134582
Oct-05 19:00:25.579 [main] DEBUG nextflow.Session - Run name: gloomy_carson
Oct-05 19:00:25.587 [main] DEBUG nextflow.Session - Executor pool size: 2
Oct-05 19:00:25.604 [main] DEBUG nextflow.cli.CmdRun - 
  Version: 0.25.7 build 4531
  Modified: 06-09-2017 17:25 UTC (19:25 SAST)
  System: Linux 4.10.0-19-generic
  Runtime: Groovy 2.4.11 on OpenJDK 64-Bit Server VM 1.8.0_131-8u131-b11-2ubuntu1.17.04.3-b11
  Encoding: UTF-8 (UTF-8)
  Process: 4470@wpearse-VirtualBox [127.0.1.1]
  CPUs: 1 - Mem: 3.9 GB (1.1 GB) - Swap: 1.4 GB (1.4 GB)
Oct-05 19:00:25.698 [main] DEBUG nextflow.Session - Work-dir: /home/wpearse/Documents/Nextflow/work [ext2/ext3]
Oct-05 19:00:25.899 [main] DEBUG nextflow.Session - Session start invoked
Oct-05 19:00:25.916 [main] DEBUG nextflow.processor.TaskDispatcher - Dispatcher > start
Oct-05 19:00:25.920 [main] DEBUG nextflow.script.ScriptRunner - > Script parsing
Oct-05 19:00:26.295 [main] DEBUG nextflow.script.ScriptRunner - > Launching execution
Oct-05 19:00:26.442 [main] DEBUG nextflow.processor.ProcessFactory - << taskConfig executor: null
Oct-05 19:00:26.443 [main] DEBUG nextflow.processor.ProcessFactory - >> processorType: 'local'
Oct-05 19:00:26.451 [main] DEBUG nextflow.executor.Executor - Initializing executor: local
Oct-05 19:00:26.454 [main] INFO  nextflow.executor.Executor - [warm up] executor > local
Oct-05 19:00:26.472 [main] DEBUG n.processor.LocalPollingMonitor - Creating local task monitor for executor 'local' > cpus=1; memory=3.9 GB; capacity=1; pollInterval=100ms; dumpInterval=5m
Oct-05 19:00:26.487 [main] DEBUG nextflow.processor.TaskDispatcher - Starting monitor: LocalPollingMonitor
Oct-05 19:00:26.488 [main] DEBUG n.processor.TaskPollingMonitor - >>> barrier register (monitor: local)
Oct-05 19:00:26.500 [main] DEBUG nextflow.executor.Executor - Invoke register for executor: local
Oct-05 19:00:26.642 [main] WARN  nextflow.processor.TaskProcessor - Input `set` must define at least two component -- Check process `generateFolds`
Oct-05 19:00:26.645 [main] WARN  nextflow.processor.TaskProcessor - Output `set` must define at least two component -- Check process `generateFolds`
Oct-05 19:00:26.713 [main] DEBUG nextflow.Session - >>> barrier register (process: generateFolds)
Oct-05 19:00:26.757 [main] DEBUG nextflow.processor.TaskProcessor - Creating operator > generateFolds -- maxForks: 2
Oct-05 19:00:26.920 [main] DEBUG nextflow.processor.ProcessFactory - << taskConfig executor: null
Oct-05 19:00:26.930 [main] DEBUG nextflow.processor.ProcessFactory - >> processorType: 'local'
Oct-05 19:00:26.931 [main] DEBUG nextflow.executor.Executor - Initializing executor: local
Oct-05 19:00:26.932 [main] DEBUG nextflow.Session - >>> barrier register (process: associationTest)
Oct-05 19:00:26.938 [main] DEBUG nextflow.processor.TaskProcessor - Creating *combiner* operator for each param(s) at index(es): [1]
Oct-05 19:00:27.026 [main] DEBUG nextflow.processor.TaskProcessor - Creating operator > associationTest -- maxForks: 2
Oct-05 19:00:27.030 [main] DEBUG nextflow.processor.ProcessFactory - << taskConfig executor: null
Oct-05 19:00:27.038 [main] DEBUG nextflow.processor.ProcessFactory - >> processorType: 'local'
Oct-05 19:00:27.039 [main] DEBUG nextflow.executor.Executor - Initializing executor: local
Oct-05 19:00:27.040 [main] DEBUG nextflow.Session - >>> barrier register (process: squeeze)
Oct-05 19:00:27.066 [main] DEBUG nextflow.processor.TaskProcessor - Creating operator > squeeze -- maxForks: 2
Oct-05 19:00:27.071 [main] DEBUG nextflow.processor.ProcessFactory - << taskConfig executor: null
Oct-05 19:00:27.074 [main] DEBUG nextflow.processor.ProcessFactory - >> processorType: 'local'
Oct-05 19:00:27.075 [main] DEBUG nextflow.executor.Executor - Initializing executor: local
Oct-05 19:00:27.076 [main] DEBUG nextflow.Session - >>> barrier register (process: makeScoreFile)
Oct-05 19:00:27.101 [main] DEBUG nextflow.processor.TaskProcessor - Creating operator > makeScoreFile -- maxForks: 2
Oct-05 19:00:27.129 [main] DEBUG nextflow.processor.ProcessFactory - << taskConfig executor: null
Oct-05 19:00:27.139 [main] DEBUG nextflow.processor.ProcessFactory - >> processorType: 'local'
Oct-05 19:00:27.140 [main] DEBUG nextflow.executor.Executor - Initializing executor: local
Oct-05 19:00:27.141 [main] WARN  nextflow.processor.TaskProcessor - Input `set` must define at least two component -- Check process `scoreFamily`
Oct-05 19:00:27.142 [main] DEBUG nextflow.Session - >>> barrier register (process: scoreFamily)
Oct-05 19:00:27.190 [main] DEBUG nextflow.processor.TaskProcessor - Creating *combiner* operator for each param(s) at index(es): [2]
Oct-05 19:00:27.255 [main] DEBUG nextflow.processor.TaskProcessor - Creating operator > scoreFamily -- maxForks: 2
Oct-05 19:00:27.263 [main] DEBUG nextflow.script.ScriptRunner - > Await termination 
Oct-05 19:00:27.266 [main] DEBUG nextflow.Session - Session await
Oct-05 19:00:27.362 [Task submitter] INFO  nextflow.Session - [b7/53162d] Submitted process > generateFolds
Oct-05 19:00:27.817 [Task monitor] DEBUG n.processor.TaskPollingMonitor - Task completed > TaskHandler[id: 1; name: generateFolds; status: COMPLETED; exit: 0; error: -; workDir: /home/wpearse/Documents/Nextflow/work/b7/53162d4fc5946f1c783fdcb5c63d82]
Oct-05 19:00:27.934 [Task submitter] INFO  nextflow.Session - [c8/8bda25] Submitted process > associationTest (1)
Oct-05 19:00:27.965 [Actor Thread 2] DEBUG nextflow.Session - <<< barrier arrive (process: generateFolds)
Oct-05 19:00:28.410 [Task monitor] DEBUG n.processor.TaskPollingMonitor - Task completed > TaskHandler[id: 2; name: associationTest (1); status: COMPLETED; exit: 0; error: -; workDir: /home/wpearse/Documents/Nextflow/work/c8/8bda25e6850b0a35f547ca8d38e4a0]
Oct-05 19:00:28.414 [Task submitter] INFO  nextflow.Session - [32/580793] Submitted process > associationTest (2)
Oct-05 19:00:28.656 [Task monitor] DEBUG n.processor.TaskPollingMonitor - Task completed > TaskHandler[id: 3; name: associationTest (2); status: COMPLETED; exit: 0; error: -; workDir: /home/wpearse/Documents/Nextflow/work/32/5807930504cdb46793e7a6edffcf26]
Oct-05 19:00:28.659 [Task submitter] INFO  nextflow.Session - [0a/84db03] Submitted process > associationTest (3)
Oct-05 19:00:28.820 [Task monitor] DEBUG n.processor.TaskPollingMonitor - Task completed > TaskHandler[id: 4; name: associationTest (3); status: COMPLETED; exit: 0; error: -; workDir: /home/wpearse/Documents/Nextflow/work/0a/84db03d48b7d2480caf822b15802c5]
Oct-05 19:00:28.823 [Task submitter] INFO  nextflow.Session - [7f/01f9fd] Submitted process > associationTest (5)
Oct-05 19:00:28.983 [Task monitor] DEBUG n.processor.TaskPollingMonitor - Task completed > TaskHandler[id: 6; name: associationTest (5); status: COMPLETED; exit: 0; error: -; workDir: /home/wpearse/Documents/Nextflow/work/7f/01f9fdeca7e17df3de91c93fa99163]
Oct-05 19:00:28.985 [Task submitter] INFO  nextflow.Session - [e7/21fb8b] Submitted process > associationTest (4)
Oct-05 19:00:29.160 [Task monitor] DEBUG n.processor.TaskPollingMonitor - Task completed > TaskHandler[id: 5; name: associationTest (4); status: COMPLETED; exit: 0; error: -; workDir: /home/wpearse/Documents/Nextflow/work/e7/21fb8bd04cc6ccdc745643b38cc70a]
Oct-05 19:00:29.162 [Task submitter] INFO  nextflow.Session - [3f/d0e41a] Submitted process > associationTest (6)
Oct-05 19:00:29.334 [Task monitor] DEBUG n.processor.TaskPollingMonitor - Task completed > TaskHandler[id: 7; name: associationTest (6); status: COMPLETED; exit: 0; error: -; workDir: /home/wpearse/Documents/Nextflow/work/3f/d0e41afa758ea883fffaf88d8b60c1]
Oct-05 19:00:29.338 [Task submitter] INFO  nextflow.Session - [8c/0d6952] Submitted process > associationTest (7)
Oct-05 19:00:29.526 [Task monitor] DEBUG n.processor.TaskPollingMonitor - Task completed > TaskHandler[id: 8; name: associationTest (7); status: COMPLETED; exit: 0; error: -; workDir: /home/wpearse/Documents/Nextflow/work/8c/0d6952f90c760e203223b2aec8185a]
Oct-05 19:00:29.528 [Task submitter] INFO  nextflow.Session - [3d/0a096f] Submitted process > associationTest (8)
Oct-05 19:00:29.695 [Task monitor] DEBUG n.processor.TaskPollingMonitor - Task completed > TaskHandler[id: 9; name: associationTest (8); status: COMPLETED; exit: 0; error: -; workDir: /home/wpearse/Documents/Nextflow/work/3d/0a096fa62777f267ed1bd9539219f4]
Oct-05 19:00:29.696 [Task submitter] INFO  nextflow.Session - [05/218193] Submitted process > associationTest (9)
Oct-05 19:00:29.867 [Task monitor] DEBUG n.processor.TaskPollingMonitor - Task completed > TaskHandler[id: 10; name: associationTest (9); status: COMPLETED; exit: 0; error: -; workDir: /home/wpearse/Documents/Nextflow/work/05/2181936acdd6b71d7961f39e7716be]
Oct-05 19:00:29.868 [Task submitter] INFO  nextflow.Session - [c7/e3c81a] Submitted process > associationTest (10)
Oct-05 19:00:30.030 [Task monitor] DEBUG n.processor.TaskPollingMonitor - Task completed > TaskHandler[id: 11; name: associationTest (10); status: COMPLETED; exit: 0; error: -; workDir: /home/wpearse/Documents/Nextflow/work/c7/e3c81a29443501d38ca0dd78df926e]
Oct-05 19:00:30.030 [Task submitter] INFO  nextflow.Session - [e7/2652b4] Submitted process > squeeze (1)
Oct-05 19:00:30.069 [Actor Thread 6] DEBUG nextflow.Session - <<< barrier arrive (process: associationTest)
Oct-05 19:00:30.154 [Task monitor] DEBUG n.processor.TaskPollingMonitor - Task completed > TaskHandler[id: 12; name: squeeze (1); status: COMPLETED; exit: 0; error: -; workDir: /home/wpearse/Documents/Nextflow/work/e7/2652b42dd768ea66b93d597e5448f4]
Oct-05 19:00:30.155 [Task submitter] INFO  nextflow.Session - [b6/c969ea] Submitted process > squeeze (2)
Oct-05 19:00:30.248 [Task monitor] DEBUG n.processor.TaskPollingMonitor - Task completed > TaskHandler[id: 13; name: squeeze (2); status: COMPLETED; exit: 0; error: -; workDir: /home/wpearse/Documents/Nextflow/work/b6/c969eaad29342bf4d493f919a94abe]
Oct-05 19:00:30.250 [Task submitter] INFO  nextflow.Session - [54/3c156f] Submitted process > squeeze (3)
Oct-05 19:00:30.367 [Task monitor] DEBUG n.processor.TaskPollingMonitor - Task completed > TaskHandler[id: 14; name: squeeze (3); status: COMPLETED; exit: 0; error: -; workDir: /home/wpearse/Documents/Nextflow/work/54/3c156f5717c420556583fc44e5b50a]
Oct-05 19:00:30.368 [Task submitter] INFO  nextflow.Session - [43/1fe47b] Submitted process > squeeze (4)
Oct-05 19:00:30.463 [Task monitor] DEBUG n.processor.TaskPollingMonitor - Task completed > TaskHandler[id: 15; name: squeeze (4); status: COMPLETED; exit: 0; error: -; workDir: /home/wpearse/Documents/Nextflow/work/43/1fe47bb49a1b49f91b5c2b3a328d37]
Oct-05 19:00:30.465 [Task submitter] INFO  nextflow.Session - [0a/33cc8c] Submitted process > squeeze (5)
Oct-05 19:00:30.584 [Task monitor] DEBUG n.processor.TaskPollingMonitor - Task completed > TaskHandler[id: 16; name: squeeze (5); status: COMPLETED; exit: 0; error: -; workDir: /home/wpearse/Documents/Nextflow/work/0a/33cc8c9afa3daab4262066f57bd126]
Oct-05 19:00:30.586 [Task submitter] INFO  nextflow.Session - [27/88bd5d] Submitted process > squeeze (6)
Oct-05 19:00:30.695 [Task monitor] DEBUG n.processor.TaskPollingMonitor - Task completed > TaskHandler[id: 17; name: squeeze (6); status: COMPLETED; exit: 0; error: -; workDir: /home/wpearse/Documents/Nextflow/work/27/88bd5d51aac5a74351fe9516788ffc]
Oct-05 19:00:30.696 [Task submitter] INFO  nextflow.Session - [48/d52aeb] Submitted process > squeeze (7)
Oct-05 19:00:30.824 [Task monitor] DEBUG n.processor.TaskPollingMonitor - Task completed > TaskHandler[id: 18; name: squeeze (7); status: COMPLETED; exit: 0; error: -; workDir: /home/wpearse/Documents/Nextflow/work/48/d52aeb8b23046f7b9315f5671d1051]
Oct-05 19:00:30.825 [Task submitter] INFO  nextflow.Session - [9f/85e111] Submitted process > squeeze (8)
Oct-05 19:00:31.304 [Task monitor] DEBUG n.processor.TaskPollingMonitor - Task completed > TaskHandler[id: 19; name: squeeze (8); status: COMPLETED; exit: 0; error: -; workDir: /home/wpearse/Documents/Nextflow/work/9f/85e11166e3f64f05a156d9897ff7a8]
Oct-05 19:00:31.306 [Task submitter] INFO  nextflow.Session - [c7/9a3c66] Submitted process > squeeze (9)
Oct-05 19:00:31.440 [Task monitor] DEBUG n.processor.TaskPollingMonitor - Task completed > TaskHandler[id: 20; name: squeeze (9); status: COMPLETED; exit: 0; error: -; workDir: /home/wpearse/Documents/Nextflow/work/c7/9a3c66928d61e3a8ac29794edc2190]
Oct-05 19:00:31.441 [Task submitter] INFO  nextflow.Session - [ff/103a00] Submitted process > squeeze (10)
Oct-05 19:00:31.557 [Task monitor] DEBUG n.processor.TaskPollingMonitor - Task completed > TaskHandler[id: 21; name: squeeze (10); status: COMPLETED; exit: 0; error: -; workDir: /home/wpearse/Documents/Nextflow/work/ff/103a0026f811a21804ad97e4a6d62c]
Oct-05 19:00:31.558 [Task submitter] INFO  nextflow.Session - [57/ca1f71] Submitted process > makeScoreFile (1)
Oct-05 19:00:31.577 [Actor Thread 6] DEBUG nextflow.Session - <<< barrier arrive (process: squeeze)
Oct-05 19:00:31.655 [Task monitor] DEBUG n.processor.TaskPollingMonitor - Task completed > TaskHandler[id: 22; name: makeScoreFile (1); status: COMPLETED; exit: 0; error: -; workDir: /home/wpearse/Documents/Nextflow/work/57/ca1f719aa1a78baaa732e74bc9f618]
Oct-05 19:00:31.658 [Task submitter] INFO  nextflow.Session - [a2/7cabd7] Submitted process > makeScoreFile (2)
Oct-05 19:00:31.757 [Task monitor] DEBUG n.processor.TaskPollingMonitor - Task completed > TaskHandler[id: 23; name: makeScoreFile (2); status: COMPLETED; exit: 0; error: -; workDir: /home/wpearse/Documents/Nextflow/work/a2/7cabd72baaaa857b261f885fe2b34d]
Oct-05 19:00:31.762 [Task submitter] INFO  nextflow.Session - [70/3e4830] Submitted process > makeScoreFile (3)
Oct-05 19:00:31.876 [Task monitor] DEBUG n.processor.TaskPollingMonitor - Task completed > TaskHandler[id: 24; name: makeScoreFile (3); status: COMPLETED; exit: 0; error: -; workDir: /home/wpearse/Documents/Nextflow/work/70/3e4830d7268ac4a9eaf08e4f064c02]
Oct-05 19:00:31.877 [Task submitter] INFO  nextflow.Session - [fb/d5f6d8] Submitted process > makeScoreFile (4)
Oct-05 19:00:31.969 [Task monitor] DEBUG n.processor.TaskPollingMonitor - Task completed > TaskHandler[id: 25; name: makeScoreFile (4); status: COMPLETED; exit: 0; error: -; workDir: /home/wpearse/Documents/Nextflow/work/fb/d5f6d8a2ed3bed58635178837851c1]
Oct-05 19:00:31.970 [Task submitter] INFO  nextflow.Session - [e9/7fa31a] Submitted process > makeScoreFile (5)
Oct-05 19:00:32.067 [Task monitor] DEBUG n.processor.TaskPollingMonitor - Task completed > TaskHandler[id: 26; name: makeScoreFile (5); status: COMPLETED; exit: 0; error: -; workDir: /home/wpearse/Documents/Nextflow/work/e9/7fa31afba676ef0a225ff00370ac46]
Oct-05 19:00:32.068 [Task submitter] INFO  nextflow.Session - [ba/5d9d1c] Submitted process > makeScoreFile (6)
Oct-05 19:00:32.159 [Task monitor] DEBUG n.processor.TaskPollingMonitor - Task completed > TaskHandler[id: 27; name: makeScoreFile (6); status: COMPLETED; exit: 0; error: -; workDir: /home/wpearse/Documents/Nextflow/work/ba/5d9d1c2e96b261b50875fa1347fd86]
Oct-05 19:00:32.160 [Task submitter] INFO  nextflow.Session - [d0/f81bca] Submitted process > makeScoreFile (7)
Oct-05 19:00:32.255 [Task monitor] DEBUG n.processor.TaskPollingMonitor - Task completed > TaskHandler[id: 28; name: makeScoreFile (7); status: COMPLETED; exit: 0; error: -; workDir: /home/wpearse/Documents/Nextflow/work/d0/f81bca1d1a0fa832ec93e9aa0e0def]
Oct-05 19:00:32.256 [Task submitter] INFO  nextflow.Session - [f2/498f31] Submitted process > makeScoreFile (8)
Oct-05 19:00:32.339 [Task monitor] DEBUG n.processor.TaskPollingMonitor - Task completed > TaskHandler[id: 29; name: makeScoreFile (8); status: COMPLETED; exit: 0; error: -; workDir: /home/wpearse/Documents/Nextflow/work/f2/498f318b36a84e46e0b3bc7c96d81f]
Oct-05 19:00:32.340 [Task submitter] INFO  nextflow.Session - [13/663a94] Submitted process > makeScoreFile (9)
Oct-05 19:00:32.464 [Task monitor] DEBUG n.processor.TaskPollingMonitor - Task completed > TaskHandler[id: 30; name: makeScoreFile (9); status: COMPLETED; exit: 0; error: -; workDir: /home/wpearse/Documents/Nextflow/work/13/663a941ad77d3f4bf120b168db3bf9]
Oct-05 19:00:32.465 [Task submitter] INFO  nextflow.Session - [aa/8684fc] Submitted process > makeScoreFile (10)
Oct-05 19:00:32.564 [Task monitor] DEBUG n.processor.TaskPollingMonitor - Task completed > TaskHandler[id: 31; name: makeScoreFile (10); status: COMPLETED; exit: 0; error: -; workDir: /home/wpearse/Documents/Nextflow/work/aa/8684fcb1fb8f387e9239a954ffc10a]
Oct-05 19:00:32.570 [Actor Thread 6] DEBUG nextflow.Session - <<< barrier arrive (process: makeScoreFile)
Oct-05 19:00:32.573 [Actor Thread 5] WARN  nextflow.processor.TaskProcessor - Input tuple does not match input set cardinality declared by process `scoreFamily` -- offending value: [/home/wpearse/Documents/Nextflow/work/b7/53162d4fc5946f1c783fdcb5c63d82/hapmap1Family1.fam, /home/wpearse/Documents/Nextflow/work/b7/53162d4fc5946f1c783fdcb5c63d82/hapmap1Family10.fam, /home/wpearse/Documents/Nextflow/work/b7/53162d4fc5946f1c783fdcb5c63d82/hapmap1Family2.fam, /home/wpearse/Documents/Nextflow/work/b7/53162d4fc5946f1c783fdcb5c63d82/hapmap1Family3.fam, /home/wpearse/Documents/Nextflow/work/b7/53162d4fc5946f1c783fdcb5c63d82/hapmap1Family4.fam, /home/wpearse/Documents/Nextflow/work/b7/53162d4fc5946f1c783fdcb5c63d82/hapmap1Family5.fam, /home/wpearse/Documents/Nextflow/work/b7/53162d4fc5946f1c783fdcb5c63d82/hapmap1Family6.fam, /home/wpearse/Documents/Nextflow/work/b7/53162d4fc5946f1c783fdcb5c63d82/hapmap1Family7.fam, /home/wpearse/Documents/Nextflow/work/b7/53162d4fc5946f1c783fdcb5c63d82/hapmap1Family8.fam, /home/wpearse/Documents/Nextflow/work/b7/53162d4fc5946f1c783fdcb5c63d82/hapmap1Family9.fam]
Oct-05 19:00:32.607 [Task submitter] INFO  nextflow.Session - [68/b5c39f] Submitted process > scoreFamily (1)
Oct-05 19:00:32.843 [Task monitor] DEBUG n.processor.TaskPollingMonitor - Task completed > TaskHandler[id: 32; name: scoreFamily (1); status: COMPLETED; exit: 0; error: -; workDir: /home/wpearse/Documents/Nextflow/work/68/b5c39f4de3a3a1b89268216e58ed1e]
Oct-05 19:00:32.845 [Task submitter] INFO  nextflow.Session - [2c/041420] Submitted process > scoreFamily (3)
Oct-05 19:00:32.991 [Task monitor] DEBUG n.processor.TaskPollingMonitor - Task completed > TaskHandler[id: 34; name: scoreFamily (3); status: COMPLETED; exit: 2; error: -; workDir: /home/wpearse/Documents/Nextflow/work/2c/0414208d8ed18e0ecfc1671d20ff2b]
Oct-05 19:00:32.992 [Task submitter] INFO  nextflow.Session - [0b/c92321] Submitted process > scoreFamily (4)
Oct-05 19:00:33.055 [Task monitor] ERROR nextflow.processor.TaskProcessor - Error executing process > 'scoreFamily (3)'

Caused by:
  Process `scoreFamily (3)` terminated with an error exit status (2)

Command executed:

  plink --bfile hapmap1 --keep-fam hapmap1Family3.fam --score hapmap1Family3.fam.assocSqueezed.assoc.score --out hapmap1Family3

Command exit status:
  2

Command output:
  PLINK v1.90b4.6 64-bit (15 Aug 2017)           www.cog-genomics.org/plink/1.9/
  (C) 2005-2017 Shaun Purcell, Christopher Chang   GNU General Public License v3
  Logging to hapmap1Family3.log.
  Options in effect:
    --bfile hapmap1
    --keep-fam hapmap1Family3.fam
    --out hapmap1Family3
    --score hapmap1Family3.fam.assocSqueezed.assoc.score
  
  3949 MB RAM detected; reserving 1974 MB for main workspace.
  83534 variants loaded from .bim file.
  89 people (89 males, 0 females) loaded from .fam.
  89 phenotype values loaded from .fam.

Command error:
  Error: Failed to open hapmap1Family3.fam.

Work dir:
  /home/wpearse/Documents/Nextflow/work/2c/0414208d8ed18e0ecfc1671d20ff2b

Tip: when you have fixed the problem you can continue the execution appending to the nextflow command line the option `-resume`
Oct-05 19:00:33.065 [Task monitor] DEBUG nextflow.Session - Session aborted -- Cause: Process `scoreFamily (3)` terminated with an error exit status (2)
Oct-05 19:00:33.142 [main] DEBUG nextflow.Session - Session await > all process finished
Oct-05 19:00:33.144 [main] DEBUG nextflow.Session - Session await > all barriers passed
Oct-05 19:00:33.148 [Task monitor] DEBUG n.processor.TaskPollingMonitor - <<< barrier arrives (monitor: local)
Oct-05 19:00:33.149 [main] WARN  n.processor.TaskPollingMonitor - Killing pending tasks (1)
Oct-05 19:00:33.179 [main] DEBUG nextflow.CacheDB - Closing CacheDB done
Oct-05 19:00:33.302 [main] DEBUG nextflow.script.ScriptRunner - > Execution complete -- Goodbye
