PLINK v1.90b4.6 64-bit (15 Aug 2017)
Options in effect:
  --bfile cleaned
  --out familyScore
  --score assocScorer.score

Hostname: wpearse-VirtualBox
Working directory: /home/wpearse/Documents/Nextflow/work/88/abb1024dd48f537a58ff9d54ec8812
Start time: Wed Oct  4 18:11:52 2017

Random number seed: 1507133512
3949 MB RAM detected; reserving 1974 MB for main workspace.
83534 variants loaded from .bim file.
89 people (89 males, 0 females) loaded from .fam.
89 phenotype values loaded from .fam.
Using 1 thread.
Before main variant filters, 89 founders and 0 nonfounders present.
Calculating allele frequencies... done.
Total genotyping rate is 0.99441.
83534 variants and 89 people pass filters and QC.
Among remaining phenotypes, 44 are cases and 45 are controls.
Warning: 16221 lines skipped in --score file (1 due to variant ID mismatch, 0
due to allele code mismatch); see familyScore.nopred for details.
--score: 67314 valid predictors loaded.
--score: Results written to familyScore.profile .

End time: Wed Oct  4 18:11:52 2017
