PLINK v1.90b4.6 64-bit (15 Aug 2017)
Options in effect:
  --allow-no-sex
  --assoc
  --bfile hapmap1
  --out hapmap1Family8.fam
  --remove-fam hapmap1Family8.fam

Hostname: wpearse-VirtualBox
Working directory: /home/wpearse/Documents/Nextflow/work/ea/b98acbb2f0e6e597279798e6449cde
Start time: Thu Oct  5 18:55:32 2017

Random number seed: 1507222532
3949 MB RAM detected; reserving 1974 MB for main workspace.
83534 variants loaded from .bim file.
89 people (89 males, 0 females) loaded from .fam.
89 phenotype values loaded from .fam.
--remove-fam: 80 people remaining.
Using 1 thread.
Before main variant filters, 80 founders and 0 nonfounders present.
Calculating allele frequencies... done.
Total genotyping rate in remaining samples is 0.99425.
83534 variants and 80 people pass filters and QC.
Among remaining phenotypes, 36 are cases and 44 are controls.
Writing C/C --assoc report to hapmap1Family8.fam.assoc ...
done.

End time: Thu Oct  5 18:55:32 2017
