FID	AVG_SCORE	SCORE_STD_DEV	Coefficient_of_Variation
HCB181	0.25956450	0.0128145000	0.0499578323
HCB182	0.24934600	0.0016420000	0.0064014016
HCB183	0.26155700	0.0084630000	0.0329933384
HCB184	0.24441100	0.0004890000	0.0019063857
HCB185	0.24816850	0.0017705000	0.0069023639
HCB186	0.26262100	0.0077550000	0.0302331725
HCB187	0.25096300	0.0036230000	0.0141244080
HCB188	0.25548150	0.0131855000	0.0514041904
HCB189	0.24836700	0.0039630000	0.0154499114
HCB190	0.25321850	0.0082125000	0.0320167543
HCB191	0.25686550	0.0126065000	0.0491469361
HCB192	0.24609050	0.0000175000	0.0000682244
HCB193	0.26736850	0.0108415000	0.0422660142
HCB194	0.26246550	0.0116605000	0.0454589179
HCB195	0.25055650	0.0026875000	0.0104773245
HCB196	0.27959300	0.0012680000	0.0049433479
HCB197	0.25110700	0.0015740000	0.0061363009
HCB198	0.24523650	0.0020845000	0.0081265052
HCB199	0.24676700	0.0011040000	0.0043039874
HCB200	0.26129500	0.0116360000	0.0453634037
HCB201	0.24745850	0.0012495000	0.0048712249
HCB202	0.26510650	0.0115205000	0.0449131224
HCB203	0.24779150	0.0042295000	0.0164888721
HCB204	0.24719500	0.0074680000	0.0291142917
HCB205	0.25845550	0.0137205000	0.0534899089
HCB206	0.24746950	0.0051975000	0.0202626582
HCB207	0.24864000	0.0003350000	0.0013060107
HCB208	0.24637800	0.0008240000	0.0032123964
HCB209	0.25038800	0.0058740000	0.0229000200
HCB210	0.26929800	0.0025950000	0.0101167096
HCB211	0.25294350	0.0124315000	0.0484646917
HCB212	0.25061100	0.0021710000	0.0084637289
HCB213	0.24915000	0.0024840000	0.0096839717
HCB214	0.26535050	0.0137045000	0.0534275323
HCB215	0.26035350	0.0105475000	0.0411198436
HCB216	0.25993600	0.0118290000	0.0461158217
HCB217	0.24572950	0.0053995000	0.0210501631
HCB218	0.24663450	0.0021945000	0.0085553446
HCB219	0.25073800	0.0037520000	0.0146273196
HCB220	0.24895500	0.0023750000	0.0092590309
HCB221	0.24480450	0.0026005000	0.0101381515
HCB222	0.24776900	0.0051440000	0.0200540863
HCB223	0.25095300	0.0021320000	0.0083116859
HCB224	0.26769600	0.0113930000	0.0444160586
HCB225	0.26326750	0.0122965000	0.0479383889
JPT226	0.26089100	0.0107410000	0.0418742110
JPT227	0.26448700	0.0120360000	0.0469228194
JPT228	0.25026700	0.0027160000	0.0105884328
JPT229	0.24669450	0.0018985000	0.0074013769
JPT230	0.26295100	0.0122260000	0.0476635419
JPT231	0.26842300	0.0086870000	0.0338666112
JPT232	0.27247200	0.0016570000	0.0064598797
JPT233	0.24854700	0.0004600000	0.0017933281
JPT234	0.24868950	0.0034625000	0.0134986924
JPT235	0.25688350	0.0058685000	0.0228785781
JPT236	0.26350650	0.0085705000	0.0334124313
JPT237	0.27074700	0.0012990000	0.0050642026
JPT238	0.26288000	0.0130250000	0.0507784748
JPT239	0.25825500	0.0142640000	0.0556087650
JPT240	0.26309500	0.0110150000	0.0429424107
JPT241	0.27505000	0.0006090000	0.0023742105
JPT242	0.25030750	0.0058275000	0.0227187380
JPT243	0.25039600	0.0029240000	0.0113993290
JPT244	0.26017950	0.0074665000	0.0291084439
JPT245	0.25018300	0.0004560000	0.0017777339
JPT246	0.26539350	0.0096285000	0.0375370860
JPT247	0.24875300	0.0045490000	0.0177344554
JPT248	0.26022050	0.0103635000	0.0404025124
JPT249	0.25055100	0.0023190000	0.0090407127
JPT250	0.26339350	0.0122825000	0.0478838093
JPT251	0.26041250	0.0109025000	0.0425038251
JPT252	0.26954650	0.0080855000	0.0315216398
JPT253	0.24896200	0.0045560000	0.0177617452
JPT254	0.24867750	0.0014415000	0.0056197444
JPT255	0.26870350	0.0086005000	0.0335293875
JPT256	0.24812550	0.0017815000	0.0069452478
JPT257	0.24755750	0.0053475000	0.0208474391
JPT258	0.24742400	0.0053230000	0.0207519249
JPT259	0.25640250	0.0128095000	0.0499383396
JPT260	0.25848200	0.0060500000	0.0235861630
JPT261	0.27292950	0.0019605000	0.0076430864
JPT262	0.26487650	0.0090305000	0.0352057594
JPT263	0.27005750	0.0013345000	0.0052026007
JPT264	0.25983750	0.0079445000	0.0309719457
JPT265	0.25512650	0.0200975000	0.0783508942
JPT266	0.25074250	0.0037085000	0.0144577331
JPT267	0.26442100	0.0113610000	0.0442913053
JPT268	0.26299900	0.0090820000	0.0354065342

Avgs:	0.25650633	0.0031721011	0.0123665610