PLINK v1.90b4.6 64-bit (15 Aug 2017)
Options in effect:
  --bfile hapmap1
  --keep-fam hapmap1Family1.fam
  --out hapmap1Family1
  --score hapmap1Family1.fam.assocSqueezed.assoc.score

Hostname: wpearse-VirtualBox
Working directory: /home/wpearse/Documents/Nextflow/work/68/b5c39f4de3a3a1b89268216e58ed1e
Start time: Thu Oct  5 19:00:32 2017

Random number seed: 1507222832
3949 MB RAM detected; reserving 1974 MB for main workspace.
83534 variants loaded from .bim file.
89 people (89 males, 0 females) loaded from .fam.
89 phenotype values loaded from .fam.
--keep-fam: 9 people remaining.
Using 1 thread.
Before main variant filters, 9 founders and 0 nonfounders present.
Calculating allele frequencies... done.
Total genotyping rate in remaining samples is 0.992102.
83534 variants and 9 people pass filters and QC.
Among remaining phenotypes, 1 is a case and 8 are controls.
Warning: 16827 lines skipped in --score file (1 due to variant ID mismatch, 0
due to allele code mismatch); see hapmap1Family1.nopred for details.
--score: 66708 valid predictors loaded.
--score: Results written to hapmap1Family1.profile .

End time: Thu Oct  5 19:00:32 2017
